ets Jul 29 2019 12:21:46



rst:0x1 (POWERON_RESET),boot:0x13 (SPI_FAST_FLASH_BOOT)

configsip: 0, SPIWP:0xee

clk_drv:0x00,q_drv:0x00,d_drv:0x00,cs0_drv:0x00,hd_drv:0x00,wp_drv:0x00

mode:DIO, clock div:2

load:0x3fff0030,len:1184

load:0x40078000,len:12784

load:0x40080400,len:3032

entry 0x400805e4

.

[+] WiFi connected

[i] Local IP: 192.168.0.95

[i] Response: 200

[i] Checking firmware versions...

[i] Current firmware version: 1
[i] Firmware version available: 2
[i] Comparing versions...

[i] Firware upgrade available, will download

.

[+] WiFi connected

[i] Local IP: 192.168.0.95

[  1863][E][ssl_client.cpp:37] _handle_error(): [data_to_read():356]: (-76) UNKNOWN ERROR CODE (004C)

[i] Response: 200

[i] Firmware Size: 308688
[i] Updating firmware...

[DUMP]:
  0000  80 00 00 00 e9 06 02 20 7c 29 08 40 ee 00 00 00  ....... |).@....
  0010  00 00 00 00 00 00 00 00 00 00 00 01 20 00 40 3f  ............ .@?
  0020  b4 f8 00 00 32 54 cd ab 00 00 00 00 00 00 00 00  ....2T..........
  0030  00 00 00 00 68 65 61 64 73 2f 69 64 66 2d 72 65  ....heads/idf-re
  0040  6c 65 61 73 65 2f 76 34 2e 34 2d 30 2d 67 64 33  lease/v4.4-0-gd3
  0050  33 34 30 00 61 72 64 75 69 6e 6f 2d 6c 69 62 2d  340.arduino-lib-
  0060  62 75 69 6c 64 65 72 00 00 00 00 00 00 00 00 00  builder.........
  0070  00 00 00 00 30 38 3a 32 30 3a 31 34 00 00 00 00  ....08:20:14....
............................................................................................................................................................................................................................................................................................................................................................................................................................................................................................................................................................................................................................................................................................................................................................................................................................................................................................................................................................................................................................................................................................................................................................................................................................................................................................................................................................................................................................................................................................................................................................................................................................................................................................................................................................................................................................................................................................................................................................................................................................................................................................................................................................................................................................................................................................................................................................................................................................................................................................................
[+] Update Success, Total Size: 308688
Rebooting...
ets Jul 29 2019 12:21:46



rst:0xc (SW_CPU_RESET),boot:0x13 (SPI_FAST_FLASH_BOOT)

configsip: 0, SPIWP:0xee

clk_drv:0x00,q_drv:0x00,d_drv:0x00,cs0_drv:0x00,hd_drv:0x00,wp_drv:0x00

mode:DIO, clock div:2

load:0x3fff0030,len:1184

load:0x40078000,len:12784

load:0x40080400,len:3032

entry 0x400805e4

[i] SPIFFS Mounted

